[debug] [2025-05-17T10:54:04.586Z] ----------------------------------------------------------------------
[debug] [2025-05-17T10:54:04.588Z] Command:       C:\Program Files\nodejs\node.exe C:\Users\oguzz\AppData\Roaming\npm\node_modules\firebase-tools\lib\bin\firebase.js init
[debug] [2025-05-17T10:54:04.589Z] CLI Version:   14.4.0
[debug] [2025-05-17T10:54:04.589Z] Platform:      win32
[debug] [2025-05-17T10:54:04.589Z] Node Version:  v22.14.0
[debug] [2025-05-17T10:54:04.589Z] Time:          Sat May 17 2025 13:54:04 GMT+0300 (GMT+03:00)
[debug] [2025-05-17T10:54:04.589Z] ----------------------------------------------------------------------
[debug] 
[debug] [2025-05-17T10:54:04.591Z] >>> [apiv2][query] GET https://firebase-public.firebaseio.com/cli.json [none]
[debug] [2025-05-17T10:54:04.625Z] > command requires scopes: ["email","openid","https://www.googleapis.com/auth/cloudplatformprojects.readonly","https://www.googleapis.com/auth/firebase","https://www.googleapis.com/auth/cloud-platform"]
[debug] [2025-05-17T10:54:04.626Z] > authorizing via signed-in user (oguzhan.emre4@gmail.com)
[info] 
     ######## #### ########  ######## ########     ###     ######  ########
     ##        ##  ##     ## ##       ##     ##  ##   ##  ##       ##
     ######    ##  ########  ######   ########  #########  ######  ######
     ##        ##  ##    ##  ##       ##     ## ##     ##       ## ##
     ##       #### ##     ## ######## ########  ##     ##  ######  ########

You're about to initialize a Firebase project in this directory:

  C:\Users\oguzz\Desktop\nextjs-react\news-app-next.js

[debug] [2025-05-17T10:54:05.014Z] <<< [apiv2][status] GET https://firebase-public.firebaseio.com/cli.json 200
[debug] [2025-05-17T10:54:05.015Z] <<< [apiv2][body] GET https://firebase-public.firebaseio.com/cli.json {"cloudBuildErrorAfter":1594252800000,"cloudBuildWarnAfter":1590019200000,"defaultNode10After":1594252800000,"minVersion":"3.0.5","node8DeploysDisabledAfter":1613390400000,"node8RuntimeDisabledAfter":1615809600000,"node8WarnAfter":1600128000000}
[debug] [2025-05-17T10:54:20.690Z] ExitPromptError: User force closed the prompt with SIGINT
    at Interface.sigint (C:\Users\oguzz\AppData\Roaming\npm\node_modules\firebase-tools\node_modules\@inquirer\core\dist\commonjs\lib\create-prompt.js:100:37)
    at Interface.emit (node:events:518:28)
    at Interface.emit (node:domain:489:12)
    at [_ttyWrite] [as _ttyWrite] (node:internal/readline/interface:1124:18)
    at ReadStream.onkeypress (node:internal/readline/interface:263:20)
    at ReadStream.emit (node:events:530:35)
    at ReadStream.emit (node:domain:489:12)
    at emitKeys (node:internal/readline/utils:370:14)
    at emitKeys.next (<anonymous>)
    at ReadStream.onData (node:internal/readline/emitKeypressEvents:64:36)
[error] 
[error] Error: An unexpected error has occurred.
